C:\USERS\JACK\DOCUMENTS\VISUAL STUDIO 2012\PROJECTS\BATTELZ\DEBUG\MAIN.BSC
C:\USERS\JACK\DOCUMENTS\VISUAL STUDIO 2012\PROJECTS\BATTELZ\MAIN\DEBUG\SOURCE.SBR
C:\USERS\JACK\DOCUMENTS\VISUAL STUDIO 2012\PROJECTS\BATTELZ\MAIN\DEBUG\SOURCE.OBJ
C:\USERS\JACK\DOCUMENTS\VISUAL STUDIO 2012\PROJECTS\BATTELZ\MAIN\DEBUG\SOURCE.ASM
C:\USERS\JACK\DOCUMENTS\VISUAL STUDIO 2012\PROJECTS\BATTELZ\MAIN\DEBUG\VC110.PDB
C:\USERS\JACK\DOCUMENTS\VISUAL STUDIO 2012\PROJECTS\BATTELZ\DEBUG\MAIN.ILK
C:\USERS\JACK\DOCUMENTS\VISUAL STUDIO 2012\PROJECTS\BATTELZ\DEBUG\MAIN.EXE
C:\USERS\JACK\DOCUMENTS\VISUAL STUDIO 2012\PROJECTS\BATTELZ\DEBUG\MAIN.PDB
C:\Users\jack\Documents\Visual Studio 2012\Projects\Battelz\Main\Debug\Source.obj
C:\Users\jack\Documents\Visual Studio 2012\Projects\Battelz\Main\Debug\BscMake.command.1.tlog
C:\Users\jack\Documents\Visual Studio 2012\Projects\Battelz\Main\Debug\bscmake.read.1.tlog
C:\Users\jack\Documents\Visual Studio 2012\Projects\Battelz\Main\Debug\BscMake.write.1.tlog
C:\Users\jack\Documents\Visual Studio 2012\Projects\Battelz\Main\Debug\cl.command.1.tlog
C:\Users\jack\Documents\Visual Studio 2012\Projects\Battelz\Main\Debug\CL.read.1.tlog
C:\Users\jack\Documents\Visual Studio 2012\Projects\Battelz\Main\Debug\CL.read.2.tlog
C:\Users\jack\Documents\Visual Studio 2012\Projects\Battelz\Main\Debug\CL.read.3.tlog
C:\Users\jack\Documents\Visual Studio 2012\Projects\Battelz\Main\Debug\CL.read.4.tlog
C:\Users\jack\Documents\Visual Studio 2012\Projects\Battelz\Main\Debug\CL.read.5.tlog
C:\Users\jack\Documents\Visual Studio 2012\Projects\Battelz\Main\Debug\CL.write.1.tlog
C:\Users\jack\Documents\Visual Studio 2012\Projects\Battelz\Main\Debug\link-cvtres.read.1.tlog
C:\Users\jack\Documents\Visual Studio 2012\Projects\Battelz\Main\Debug\link-cvtres.write.1.tlog
C:\Users\jack\Documents\Visual Studio 2012\Projects\Battelz\Main\Debug\link-rc.read.1.tlog
C:\Users\jack\Documents\Visual Studio 2012\Projects\Battelz\Main\Debug\link-rc.write.1.tlog
C:\Users\jack\Documents\Visual Studio 2012\Projects\Battelz\Main\Debug\link.command.1.tlog
C:\Users\jack\Documents\Visual Studio 2012\Projects\Battelz\Main\Debug\link.read.1.tlog
C:\Users\jack\Documents\Visual Studio 2012\Projects\Battelz\Main\Debug\link.write.1.tlog
C:\Users\jack\Documents\Visual Studio 2012\Projects\Battelz\Main\Debug\vc110.idb
C:\Users\jack\Documents\Visual Studio 2012\Projects\Battelz\Main\Debug\vc110.pdb
C:\Users\jack\Documents\Visual Studio 2012\Projects\Battelz\Main\Debug\Source.sbr
C:\Users\jack\Documents\Visual Studio 2012\Projects\Battelz\Debug\Main.pdb
C:\Users\jack\Documents\Visual Studio 2012\Projects\Battelz\Debug\Main.exe
C:\Users\jack\Documents\Visual Studio 2012\Projects\Battelz\Debug\Main.bsc
C:\Users\jack\Documents\Visual Studio 2012\Projects\Battelz\Debug\Main.ilk
