Build started 10/24/2014 5:36:57 PM.
     1>Project "C:\Users\Jack\Documents\Visual Studio 2012\Projects\Battlez\Main\Main.vcxproj" on node 2 (Build target(s)).
     1>ClCompile:
         D:\Program Files (x86)\Microsoft Visual Studio 11.0\VC\bin\CL.exe /c /ZI /nologo /W3 /WX- /Od /Oy- /D WIN32 /D _DEBUG /D _CONSOLE /D _UNICODE /D UNICODE /Gm /EHsc /RTC1 /MDd /GS /fp:precise /Zc:wchar_t /Zc:forScope /FAs /Fa"Debug\\" /Fo"Debug\\" /Fd"Debug\vc110.pdb" /FR"Debug\\" /Gd /TP /analyze- /errorReport:prompt Source.cpp
         Source.cpp
     1>c:\users\jack\documents\visual studio 2012\projects\battlez\main\source.cpp(437): warning C4996: 'kbhit': The POSIX name for this item is deprecated. Instead, use the ISO C++ conformant name: _kbhit. See online help for details.
                 d:\program files (x86)\microsoft visual studio 11.0\vc\include\conio.h(133) : see declaration of 'kbhit'
     1>c:\users\jack\documents\visual studio 2012\projects\battlez\main\source.cpp(438): warning C4996: 'getch': The POSIX name for this item is deprecated. Instead, use the ISO C++ conformant name: _getch. See online help for details.
                 d:\program files (x86)\microsoft visual studio 11.0\vc\include\conio.h(131) : see declaration of 'getch'
     1>c:\users\jack\documents\visual studio 2012\projects\battlez\main\source.cpp(465): error C2146: syntax error : missing ';' before identifier 'ai_player_mutex'
     1>c:\users\jack\documents\visual studio 2012\projects\battlez\main\source.cpp(465): error C4430: missing type specifier - int assumed. Note: C++ does not support default-int
     1>c:\users\jack\documents\visual studio 2012\projects\battlez\main\source.cpp(465): error C2065: 'PTHREAD_MUTEX_INITIALIZER' : undeclared identifier
     1>c:\users\jack\documents\visual studio 2012\projects\battlez\main\source.cpp(470): error C3861: 'pthread_mutex_lock': identifier not found
     1>c:\users\jack\documents\visual studio 2012\projects\battlez\main\source.cpp(472): error C3861: 'pthread_mutex_unlock': identifier not found
     1>c:\users\jack\documents\visual studio 2012\projects\battlez\main\source.cpp(482): warning C4018: '<' : signed/unsigned mismatch
     1>c:\users\jack\documents\visual studio 2012\projects\battlez\main\source.cpp(483): error C3861: 'pthread_mutex_lock': identifier not found
     1>c:\users\jack\documents\visual studio 2012\projects\battlez\main\source.cpp(486): error C3861: 'pthread_mutex_unlock': identifier not found
     1>c:\users\jack\documents\visual studio 2012\projects\battlez\main\source.cpp(521): error C2065: 'pthread_t' : undeclared identifier
     1>c:\users\jack\documents\visual studio 2012\projects\battlez\main\source.cpp(521): error C2146: syntax error : missing ';' before identifier 'aiThread'
     1>c:\users\jack\documents\visual studio 2012\projects\battlez\main\source.cpp(521): error C2065: 'aiThread' : undeclared identifier
     1>c:\users\jack\documents\visual studio 2012\projects\battlez\main\source.cpp(525): error C2065: 'aiThread' : undeclared identifier
     1>c:\users\jack\documents\visual studio 2012\projects\battlez\main\source.cpp(525): error C3861: 'pthread_create': identifier not found
     1>c:\users\jack\documents\visual studio 2012\projects\battlez\main\source.cpp(526): warning C4244: 'argument' : conversion from 'time_t' to 'unsigned int', possible loss of data
     1>c:\users\jack\documents\visual studio 2012\projects\battlez\main\source.cpp(528): error C3861: 'pthread_mutex_lock': identifier not found
     1>c:\users\jack\documents\visual studio 2012\projects\battlez\main\source.cpp(532): error C3861: 'pthread_mutex_unlock': identifier not found
     1>Done Building Project "C:\Users\Jack\Documents\Visual Studio 2012\Projects\Battlez\Main\Main.vcxproj" (Build target(s)) -- FAILED.

Build FAILED.

Time Elapsed 00:00:00.63
